<?xml version="1.0" encoding="UTF-8"?>
<testsuite xmlns:xsi="http://www.w3.org/2001/XMLSchema-instance" xsi:noNamespaceSchemaLocation="https://maven.apache.org/surefire/maven-surefire-plugin/xsd/surefire-test-report.xsd" version="3.0.2" name="computadora.ejemplo.EjemploApplicationTests" time="4.146" tests="1" errors="0" skipped="0" failures="0" flakes="0">
  <properties>
[...]
</properties>
  <testcase name="contextLoads" classname="computadora.ejemplo.EjemploApplicationTests" time="0.882">
    <system-out><![CDATA[14:42:57.352 [main] INFO org.springframework.test.context.support.AnnotationConfigContextLoaderUtils -- Could not detect default configuration classes for test class [computadora.ejemplo.EjemploApplicationTests]: EjemploApplicationTests does not declare any static, non-private, non-final, nested classes annotated with @Configuration.
14:42:57.540 [main] INFO org.springframework.boot.test.context.SpringBootTestContextBootstrapper -- Found @SpringBootConfiguration computadora.ejemplo.EjemploApplication for test class computadora.ejemplo.EjemploApplicationTests
14:42:57.725 [main] INFO org.springframework.test.context.support.AnnotationConfigContextLoaderUtils -- Could not detect default configuration classes for test class [computadora.ejemplo.EjemploApplicationTests]: EjemploApplicationTests does not declare any static, non-private, non-final, nested classes annotated with @Configuration.
14:42:57.728 [main] INFO org.springframework.boot.test.context.SpringBootTestContextBootstrapper -- Found @SpringBootConfiguration computadora.ejemplo.EjemploApplication for test class computadora.ejemplo.EjemploApplicationTests

  .   ____          _            __ _ _
 /\\ / ___'_ __ _ _(_)_ __  __ _ \ \ \ \
( ( )\___ | '_ | '_| | '_ \/ _` | \ \ \ \
 \\/  ___)| |_)| | | | | || (_| |  ) ) ) )
  '  |____| .__|_| |_|_| |_\__, | / / / /
 =========|_|==============|___/=/_/_/_/

 :: Spring Boot ::                (v4.0.6)

2026-05-29T14:42:58.451-04:00  INFO 1624 --- [ejemplo] [           main] c.ejemplo.EjemploApplicationTests        : Starting EjemploApplicationTests using Java 26 with PID 1624 (started by lenovo in C:\xampp\htdocs\ejemplo)
2026-05-29T14:42:58.455-04:00  INFO 1624 --- [ejemplo] [           main] c.ejemplo.EjemploApplicationTests        : No active profile set, falling back to 1 default profile: "default"
2026-05-29T14:43:00.254-04:00  INFO 1624 --- [ejemplo] [           main] c.ejemplo.EjemploApplicationTests        : Started EjemploApplicationTests in 2.374 seconds (process running for 11.197)
]]></system-out>
    <system-err><![CDATA[Mockito is currently self-attaching to enable the inline-mock-maker. This will no longer work in future releases of the JDK. Please add Mockito as an agent to your build as described in Mockito's documentation: https://javadoc.io/doc/org.mockito/mockito-core/latest/org.mockito/org/mockito/Mockito.html#0.3
WARNING: A Java agent has been loaded dynamically (C:\Users\lenovo\.m2\repository\net\bytebuddy\byte-buddy-agent\1.17.8\byte-buddy-agent-1.17.8.jar)
WARNING: If a serviceability tool is in use, please run with -XX:+EnableDynamicAgentLoading to hide this warning
WARNING: If a serviceability tool is not in use, please run with -Djdk.instrument.traceUsage for more information
WARNING: Dynamic loading of agents will be disallowed by default in a future release
]]></system-err>
  </testcase>
</testsuite>